This is pdfTeX, Version 3.141592653-2.6-1.40.24 (MiKTeX 22.11.25) (preloaded format=pdflatex 2022.12.11)  18 DEC 2022 09:18
entering extended mode
 restricted \write18 enabled.
 %&-line parsing enabled.
**./BeamDesignReport.tex
(BeamDesignReport.tex
LaTeX2e <2022-11-01> patch level 1
L3 programming layer <2022-11-02>
(C:\Users\SAURABH KHANDELWAL\AppData\Local\Programs\MiKTeX\tex/latex/base\artic
le.cls
Document Class: article 2022/07/02 v1.4n Standard LaTeX document class

(C:\Users\SAURABH KHANDELWAL\AppData\Local\Programs\MiKTeX\tex/latex/base\size1
2.clo
File: size12.clo 2022/07/02 v1.4n Standard LaTeX file (size option)
)
\c@part=\count185
\c@section=\count186
\c@subsection=\count187
\c@subsubsection=\count188
\c@paragraph=\count189
\c@subparagraph=\count190
\c@figure=\count191
\c@table=\count192
\abovecaptionskip=\skip48
\belowcaptionskip=\skip49
\bibindent=\dimen140
)
(C:\Users\SAURABH KHANDELWAL\AppData\Local\Programs\MiKTeX\tex/latex/marginnote
\marginnote.sty
Package: marginnote 2018/08/09 v1.4b non floating margin notes for LaTeX
\c@mn@abspage=\count193
)
(C:\Users\SAURABH KHANDELWAL\AppData\Local\Programs\MiKTeX\tex/latex/wallpaper\
wallpaper.sty
Package: wallpaper 2005/01/18, v1.01 easy wallpaper formatting (MHFW)

(C:\Users\SAURABH KHANDELWAL\AppData\Local\Programs\MiKTeX\tex/latex/base\ifthe
n.sty
Package: ifthen 2022/04/13 v1.1d Standard LaTeX ifthen package (DPC)
)
(C:\Users\SAURABH KHANDELWAL\AppData\Local\Programs\MiKTeX\tex/latex/tools\calc
.sty
Package: calc 2017/05/25 v4.3 Infix arithmetic (KKT,FJ)
\calc@Acount=\count194
\calc@Bcount=\count195
\calc@Adimen=\dimen141
\calc@Bdimen=\dimen142
\calc@Askip=\skip50
\calc@Bskip=\skip51
LaTeX Info: Redefining \setlength on input line 80.
LaTeX Info: Redefining \addtolength on input line 81.
\calc@Ccount=\count196
\calc@Cskip=\skip52
)
(C:\Users\SAURABH KHANDELWAL\AppData\Local\Programs\MiKTeX\tex/latex/eso-pic\es
o-pic.sty
Package: eso-pic 2020/10/14 v3.0a eso-pic (RN)
\ESO@tempdima=\dimen143
\ESO@tempdimb=\dimen144

(C:\Users\SAURABH KHANDELWAL\AppData\Local\Programs\MiKTeX\tex/latex/graphics\k
eyval.sty
Package: keyval 2022/05/29 v1.15 key=value parser (DPC)
\KV@toks@=\toks16
)
(C:\Users\SAURABH KHANDELWAL\AppData\Local\Programs\MiKTeX\tex/latex/xcolor\xco
lor.sty
Package: xcolor 2022/06/12 v2.14 LaTeX color extensions (UK)

(C:\Users\SAURABH KHANDELWAL\AppData\Local\Programs\MiKTeX\tex/latex/graphics-c
fg\color.cfg
File: color.cfg 2016/01/02 v1.6 sample color configuration
)
Package xcolor Info: Driver file: pdftex.def on input line 227.

(C:\Users\SAURABH KHANDELWAL\AppData\Local\Programs\MiKTeX\tex/latex/graphics-d
ef\pdftex.def
File: pdftex.def 2022/09/22 v1.2b Graphics/color driver for pdftex
)
(C:\Users\SAURABH KHANDELWAL\AppData\Local\Programs\MiKTeX\tex/latex/graphics\m
athcolor.ltx)
Package xcolor Info: Model `cmy' substituted by `cmy0' on input line 1353.
Package xcolor Info: Model `hsb' substituted by `rgb' on input line 1357.
Package xcolor Info: Model `RGB' extended on input line 1369.
Package xcolor Info: Model `HTML' substituted by `rgb' on input line 1371.
Package xcolor Info: Model `Hsb' substituted by `hsb' on input line 1372.
Package xcolor Info: Model `tHsb' substituted by `hsb' on input line 1373.
Package xcolor Info: Model `HSB' substituted by `hsb' on input line 1374.
Package xcolor Info: Model `Gray' substituted by `gray' on input line 1375.
Package xcolor Info: Model `wave' substituted by `hsb' on input line 1376.
))
(C:\Users\SAURABH KHANDELWAL\AppData\Local\Programs\MiKTeX\tex/latex/graphics\g
raphicx.sty
Package: graphicx 2021/09/16 v1.2d Enhanced LaTeX Graphics (DPC,SPQR)

(C:\Users\SAURABH KHANDELWAL\AppData\Local\Programs\MiKTeX\tex/latex/graphics\g
raphics.sty
Package: graphics 2022/03/10 v1.4e Standard LaTeX Graphics (DPC,SPQR)

(C:\Users\SAURABH KHANDELWAL\AppData\Local\Programs\MiKTeX\tex/latex/graphics\t
rig.sty
Package: trig 2021/08/11 v1.11 sin cos tan (DPC)
)
(C:\Users\SAURABH KHANDELWAL\AppData\Local\Programs\MiKTeX\tex/latex/graphics-c
fg\graphics.cfg
File: graphics.cfg 2016/06/04 v1.11 sample graphics configuration
)
Package graphics Info: Driver file: pdftex.def on input line 107.
)
\Gin@req@height=\dimen145
\Gin@req@width=\dimen146
)
\wpXoffset=\skip53
\wpYoffset=\skip54
\tileXoffset=\skip55
\tileYoffset=\skip56
\tilewidth=\skip57
\tileheight=\skip58
\tileX=\skip59
\tileY=\skip60
)
(C:\Users\SAURABH KHANDELWAL\AppData\Local\Programs\MiKTeX\tex/latex/lastpage\l
astpage.sty
Package: lastpage 2021/09/03 v1.2n Refers to last page's name (HMM; JPG)
)
(C:\Users\SAURABH KHANDELWAL\AppData\Local\Programs\MiKTeX\tex/latex/geometry\g
eometry.sty
Package: geometry 2020/01/02 v5.9 Page Geometry

(C:\Users\SAURABH KHANDELWAL\AppData\Local\Programs\MiKTeX\tex/generic/iftex\if
vtex.sty
Package: ifvtex 2019/10/25 v1.7 ifvtex legacy package. Use iftex instead.

(C:\Users\SAURABH KHANDELWAL\AppData\Local\Programs\MiKTeX\tex/generic/iftex\if
tex.sty
Package: iftex 2022/02/03 v1.0f TeX engine tests
))
\Gm@cnth=\count197
\Gm@cntv=\count198
\c@Gm@tempcnt=\count199
\Gm@bindingoffset=\dimen147
\Gm@wd@mp=\dimen148
\Gm@odd@mp=\dimen149
\Gm@even@mp=\dimen150
\Gm@layoutwidth=\dimen151
\Gm@layoutheight=\dimen152
\Gm@layouthoffset=\dimen153
\Gm@layoutvoffset=\dimen154
\Gm@dimlist=\toks17

(C:\Users\SAURABH KHANDELWAL\AppData\Local\Programs\MiKTeX\tex/latex/geometry\g
eometry.cfg))
(C:\Users\SAURABH KHANDELWAL\AppData\Local\Programs\MiKTeX\tex/latex/amsmath\am
smath.sty
Package: amsmath 2022/04/08 v2.17n AMS math features
\@mathmargin=\skip61

For additional information on amsmath, use the `?' option.

(C:\Users\SAURABH KHANDELWAL\AppData\Local\Programs\MiKTeX\tex/latex/amsmath\am
stext.sty
Package: amstext 2021/08/26 v2.01 AMS text

(C:\Users\SAURABH KHANDELWAL\AppData\Local\Programs\MiKTeX\tex/latex/amsmath\am
sgen.sty
File: amsgen.sty 1999/11/30 v2.0 generic functions
\@emptytoks=\toks18
\ex@=\dimen155
))
(C:\Users\SAURABH KHANDELWAL\AppData\Local\Programs\MiKTeX\tex/latex/amsmath\am
sbsy.sty
Package: amsbsy 1999/11/29 v1.2d Bold Symbols
\pmbraise@=\dimen156
)
(C:\Users\SAURABH KHANDELWAL\AppData\Local\Programs\MiKTeX\tex/latex/amsmath\am
sopn.sty
Package: amsopn 2022/04/08 v2.04 operator names
)
\inf@bad=\count266
LaTeX Info: Redefining \frac on input line 234.
\uproot@=\count267
\leftroot@=\count268
LaTeX Info: Redefining \overline on input line 399.
LaTeX Info: Redefining \colon on input line 410.
\classnum@=\count269
\DOTSCASE@=\count270
LaTeX Info: Redefining \ldots on input line 496.
LaTeX Info: Redefining \dots on input line 499.
LaTeX Info: Redefining \cdots on input line 620.
\Mathstrutbox@=\box51
\strutbox@=\box52
LaTeX Info: Redefining \big on input line 722.
LaTeX Info: Redefining \Big on input line 723.
LaTeX Info: Redefining \bigg on input line 724.
LaTeX Info: Redefining \Bigg on input line 725.
\big@size=\dimen157
LaTeX Font Info:    Redeclaring font encoding OML on input line 743.
LaTeX Font Info:    Redeclaring font encoding OMS on input line 744.
\macc@depth=\count271
LaTeX Info: Redefining \bmod on input line 905.
LaTeX Info: Redefining \pmod on input line 910.
LaTeX Info: Redefining \smash on input line 940.
LaTeX Info: Redefining \relbar on input line 970.
LaTeX Info: Redefining \Relbar on input line 971.
\c@MaxMatrixCols=\count272
\dotsspace@=\muskip16
\c@parentequation=\count273
\dspbrk@lvl=\count274
\tag@help=\toks19
\row@=\count275
\column@=\count276
\maxfields@=\count277
\andhelp@=\toks20
\eqnshift@=\dimen158
\alignsep@=\dimen159
\tagshift@=\dimen160
\tagwidth@=\dimen161
\totwidth@=\dimen162
\lineht@=\dimen163
\@envbody=\toks21
\multlinegap=\skip62
\multlinetaggap=\skip63
\mathdisplay@stack=\toks22
LaTeX Info: Redefining \[ on input line 2953.
LaTeX Info: Redefining \] on input line 2954.
)
(C:\Users\SAURABH KHANDELWAL\AppData\Local\Programs\MiKTeX\tex/latex/amsfonts\a
mssymb.sty
Package: amssymb 2013/01/14 v3.01 AMS font symbols

(C:\Users\SAURABH KHANDELWAL\AppData\Local\Programs\MiKTeX\tex/latex/amsfonts\a
msfonts.sty
Package: amsfonts 2013/01/14 v3.01 Basic AMSFonts support
\symAMSa=\mathgroup4
\symAMSb=\mathgroup5
LaTeX Font Info:    Redeclaring math symbol \hbar on input line 98.
LaTeX Font Info:    Overwriting math alphabet `\mathfrak' in version `bold'
(Font)                  U/euf/m/n --> U/euf/b/n on input line 106.
))
(C:\Users\SAURABH KHANDELWAL\AppData\Local\Programs\MiKTeX\tex/latex/datatool\d
atatool.sty
Package: datatool 2019/09/27 v2.32 (NLCT)

(C:\Users\SAURABH KHANDELWAL\AppData\Local\Programs\MiKTeX\tex/latex/xkeyval\xk
eyval.sty
Package: xkeyval 2022/06/16 v2.9 package option processing (HA)

(C:\Users\SAURABH KHANDELWAL\AppData\Local\Programs\MiKTeX\tex/generic/xkeyval\
xkeyval.tex
(C:\Users\SAURABH KHANDELWAL\AppData\Local\Programs\MiKTeX\tex/generic/xkeyval\
xkvutils.tex
\XKV@toks=\toks23
\XKV@tempa@toks=\toks24
)
\XKV@depth=\count278
File: xkeyval.tex 2014/12/03 v2.7a key=value parser (HA)
))
(C:\Users\SAURABH KHANDELWAL\AppData\Local\Programs\MiKTeX\tex/latex/xfor\xfor.
sty
Package: xfor 2009/02/05 v1.05 (NLCT)
)
(C:\Users\SAURABH KHANDELWAL\AppData\Local\Programs\MiKTeX\tex/latex/substr\sub
str.sty
Package: substr 2009/10/20 v1.2 Handle substrings
\c@su@anzahl=\count279
)
(C:\Users\SAURABH KHANDELWAL\AppData\Local\Programs\MiKTeX\tex/latex/etoolbox\e
toolbox.sty
Package: etoolbox 2020/10/05 v2.5k e-TeX tools for LaTeX (JAW)
\etb@tempcnta=\count280
)
(C:\Users\SAURABH KHANDELWAL\AppData\Local\Programs\MiKTeX\tex/latex/datatool\d
atatool-base.sty
Package: datatool-base 2019/09/27 v2.32 (NLCT)

(C:\Users\SAURABH KHANDELWAL\AppData\Local\Programs\MiKTeX\tex/latex/datatool\d
atatool-fp.sty
Package: datatool-fp 2019/09/27 v2.32 (NLCT)

(C:\Users\SAURABH KHANDELWAL\AppData\Local\Programs\MiKTeX\tex/latex/fp\fp.sty
Package: fp 1995/04/02

`Fixed Point Package', Version 0.8, April 2, 1995 (C) Michael Mehlich
(C:\Users\SAURABH KHANDELWAL\AppData\Local\Programs\MiKTeX\tex/latex/fp\defpatt
ern.sty
Package: defpattern 1994/10/12
\actioncount=\count281
)
(C:\Users\SAURABH KHANDELWAL\AppData\Local\Programs\MiKTeX\tex/latex/fp\fp-basi
c.sty
Package: fp-basic 1996/05/13
\FP@xs=\count282
\FP@xia=\count283
\FP@xib=\count284
\FP@xfa=\count285
\FP@xfb=\count286
\FP@rega=\count287
\FP@regb=\count288
\FP@regs=\count289
\FP@times=\count290
)
(C:\Users\SAURABH KHANDELWAL\AppData\Local\Programs\MiKTeX\tex/latex/fp\fp-addo
ns.sty
Package: fp-addons 1995/03/15
)
(C:\Users\SAURABH KHANDELWAL\AppData\Local\Programs\MiKTeX\tex/latex/fp\fp-snap
.sty
Package: fp-snap 1995/04/05
)
(C:\Users\SAURABH KHANDELWAL\AppData\Local\Programs\MiKTeX\tex/latex/fp\fp-exp.
sty
Package: fp-exp 1995/04/03
)
(C:\Users\SAURABH KHANDELWAL\AppData\Local\Programs\MiKTeX\tex/latex/fp\fp-trig
o.sty
Package: fp-trigo 1995/04/14
)
(C:\Users\SAURABH KHANDELWAL\AppData\Local\Programs\MiKTeX\tex/latex/fp\fp-pas.
sty
Package: fp-pas 1994/08/29
)
(C:\Users\SAURABH KHANDELWAL\AppData\Local\Programs\MiKTeX\tex/latex/fp\fp-rand
om.sty
Package: fp-random 1995/02/23
\FPseed=\count291
)
(C:\Users\SAURABH KHANDELWAL\AppData\Local\Programs\MiKTeX\tex/latex/fp\fp-eqn.
sty
Package: fp-eqn 1995/04/03
)
(C:\Users\SAURABH KHANDELWAL\AppData\Local\Programs\MiKTeX\tex/latex/fp\fp-upn.
sty
Package: fp-upn 1996/10/21
)
(C:\Users\SAURABH KHANDELWAL\AppData\Local\Programs\MiKTeX\tex/latex/fp\fp-eval
.sty
Package: fp-eval 1995/04/03
)))
\@dtl@toks=\toks25
\@dtl@tmpcount=\count292
\dtl@tmplength=\skip64
\dtl@sortresult=\count293
\@dtl@numgrpsepcount=\count294
\@dtl@datatype=\count295
\dtl@codeA=\count296
\dtl@codeB=\count297
\@dtl@foreach@level=\count298
)
\dtlcolumnnum=\count299
\dtlrownum=\count300
\@dtl@before=\toks26
\@dtl@after=\toks27
\@dtl@colhead=\toks28
\dtlcurrentrow=\toks29
\dtlbeforerow=\toks30
\dtlafterrow=\toks31
\dtlforeachlevel=\count301
\c@DTLrowi=\count302
\c@DTLrowii=\count303
\c@DTLrowiii=\count304
\c@DTLrow=\count305
\dtl@rowi=\count306
\dtl@rowii=\count307
\dtl@rowiii=\count308
\@dtl@curi=\toks32
\@dtl@previ=\toks33
\@dtl@nexti=\toks34
\@dtl@curii=\toks35
\@dtl@previi=\toks36
\@dtl@nextii=\toks37
\@dtl@curiii=\toks38
\@dtl@previii=\toks39
\@dtl@nextiii=\toks40
\@dtl@elements=\count309
\@dtl@list=\toks41
\@dtl@rowa=\toks42
\@dtl@rowb=\toks43
\@dtl@toksA=\toks44
\@dtl@toksB=\toks45
\@dtl@write=\write3
\@dtl@read=\read2
\dtl@entrycr=\count310
\dtl@omitlines=\count311
)
(C:\Users\SAURABH KHANDELWAL\AppData\Local\Programs\MiKTeX\tex/latex/fileconten
ts\filecontents.sty
Package: filecontents 2019/09/20 v1.5 Create an external file from within a LaT
eX document


Package filecontents Warning: This package is obsolete. Disabling it and
(filecontents)                passing control to the filecontents environment
(filecontents)                defined by the LaTeX kernel.

)

! Package xkeyval Error: `nosheader' undefined in families `loaddb'.

See the xkeyval package documentation for explanation.
Type  H <return>  for immediate help.
 ...                                              
                                                  
l.12 ...eys={thekey,thevalue}]{mydata}{mydata.dat}
                                                  
Try typing  <return>  to proceed.
If that doesn't work, type  X <return>  to quit.

\dtldb@mydata=\toks46
\dtlkeys@mydata=\toks47
\dtlrows@mydata=\count312
\dtlcols@mydata=\count313

(C:\Users\SAURABH KHANDELWAL\AppData\Local\Programs\MiKTeX\tex/latex/fancyhdr\f
ancyhdr.sty
Package: fancyhdr 2022/11/09 v4.1 Extensive control of page headers and footers

\f@nch@headwidth=\skip65
\f@nch@O@elh=\skip66
\f@nch@O@erh=\skip67
\f@nch@O@olh=\skip68
\f@nch@O@orh=\skip69
\f@nch@O@elf=\skip70
\f@nch@O@erf=\skip71
\f@nch@O@olf=\skip72
\f@nch@O@orf=\skip73
)
(C:\Users\SAURABH KHANDELWAL\AppData\Local\Programs\MiKTeX\tex/latex/l3backend\
l3backend-pdftex.def
File: l3backend-pdftex.def 2022-10-26 L3 backend support: PDF output (pdfTeX)
\l__color_backend_stack_int=\count314
\l__pdf_internal_box=\box53
) (BeamDesignReport.aux)
\openout1 = `BeamDesignReport.aux'.

LaTeX Font Info:    Checking defaults for OML/cmm/m/it on input line 34.
LaTeX Font Info:    ... okay on input line 34.
LaTeX Font Info:    Checking defaults for OMS/cmsy/m/n on input line 34.
LaTeX Font Info:    ... okay on input line 34.
LaTeX Font Info:    Checking defaults for OT1/cmr/m/n on input line 34.
LaTeX Font Info:    ... okay on input line 34.
LaTeX Font Info:    Checking defaults for T1/cmr/m/n on input line 34.
LaTeX Font Info:    ... okay on input line 34.
LaTeX Font Info:    Checking defaults for TS1/cmr/m/n on input line 34.
LaTeX Font Info:    ... okay on input line 34.
LaTeX Font Info:    Checking defaults for OMX/cmex/m/n on input line 34.
LaTeX Font Info:    ... okay on input line 34.
LaTeX Font Info:    Checking defaults for U/cmr/m/n on input line 34.
LaTeX Font Info:    ... okay on input line 34.

(C:\Users\SAURABH KHANDELWAL\AppData\Local\Programs\MiKTeX\tex/context/base/mki
i\supp-pdf.mkii
[Loading MPS to PDF converter (version 2006.09.02).]
\scratchcounter=\count315
\scratchdimen=\dimen164
\scratchbox=\box54
\nofMPsegments=\count316
\nofMParguments=\count317
\everyMPshowfont=\toks48
\MPscratchCnt=\count318
\MPscratchDim=\dimen165
\MPnumerator=\count319
\makeMPintoPDFobject=\count320
\everyMPtoPDFconversion=\toks49
)
(C:\Users\SAURABH KHANDELWAL\AppData\Local\Programs\MiKTeX\tex/latex/epstopdf-p
kg\epstopdf-base.sty
Package: epstopdf-base 2020-01-24 v2.11 Base part for package epstopdf
Package epstopdf-base Info: Redefining graphics rule for `.eps' on input line 4
85.

(C:\Users\SAURABH KHANDELWAL\AppData\Local\Programs\MiKTeX\tex/latex/00miktex\e
pstopdf-sys.cfg
File: epstopdf-sys.cfg 2021/03/18 v2.0 Configuration of epstopdf for MiKTeX
))
Package lastpage Info: Please have a look at the pageslts package at
(lastpage)             https://www.ctan.org/pkg/pageslts
(lastpage)             ! on input line 34.

*geometry* driver: auto-detecting
*geometry* detected driver: pdftex
*geometry* verbose mode - [ preamble ] result:
* driver: pdftex
* paper: a4paper
* layout: <same size as paper>
* layoutoffset:(h,v)=(0.0pt,0.0pt)
* modes: 
* h-part:(L,W,R)=(36.98866pt, 429.63637pt, 130.88284pt)
* v-part:(T,H,B)=(51.21504pt, 680.02078pt, 113.81102pt)
* \paperwidth=597.50787pt
* \paperheight=845.04684pt
* \textwidth=429.63637pt
* \textheight=680.02078pt
* \oddsidemargin=-35.28133pt
* \evensidemargin=-35.28133pt
* \topmargin=-58.05495pt
* \headheight=80.0pt
* \headsep=25.0pt
* \topskip=12.0pt
* \footskip=30.0pt
* \marginparwidth=96.73918pt
* \marginparsep=10.0pt
* \columnsep=10.0pt
* \skip\footins=10.8pt plus 4.0pt minus 2.0pt
* \hoffset=0.0pt
* \voffset=0.0pt
* \mag=1000
* \@twocolumnfalse
* \@twosidefalse
* \@mparswitchfalse
* \@reversemarginfalse
* (1in=72.27pt=25.4mm, 1cm=28.453pt)

! Missing $ inserted.
<inserted text> 
                $
l.46 \tab Diameter\; of\; the\; tension\; bar(d_
                                                t)\; =\; \var{dia_tension_re...
I've inserted a begin-math/end-math symbol since I think
you left one out. Proceed, with fingers crossed.

LaTeX Font Info:    Trying to load font information for U+msa on input line 46.


(C:\Users\SAURABH KHANDELWAL\AppData\Local\Programs\MiKTeX\tex/latex/amsfonts\u
msa.fd
File: umsa.fd 2013/01/14 v3.01 AMS symbols A
)
LaTeX Font Info:    Trying to load font information for U+msb on input line 46.


(C:\Users\SAURABH KHANDELWAL\AppData\Local\Programs\MiKTeX\tex/latex/amsfonts\u
msb.fd
File: umsb.fd 2013/01/14 v3.01 AMS symbols B
)
! Missing $ inserted.
<inserted text> 
                $
l.50 
     
I've inserted a begin-math/end-math symbol since I think
you left one out. Proceed, with fingers crossed.


Underfull \hbox (badness 10000) in paragraph at lines 42--50

 []


! Package datatool Error: No row found in database `mydata' for column `1' matc
hing `clear_span'.

See the datatool package documentation for explanation.
Type  H <return>  for immediate help.
 ...                                              
                                                  
l.59 \tab Clear\; span(l)\; =\; \var{clear_span}
                                                m\\[8pt]
This error message was generated by an \errmessage
command, so I can't give any explicit help.
Pretend that you're Hercule Poirot: Examine all clues,
and deduce the truth by order and method.

! Missing $ inserted.
<inserted text> 
                $
l.60 \tab Effective\; span({l_
                              e}_f_f)\; =\; min \begin{Bmatrix}l+d = \var{cl...
I've inserted a begin-math/end-math symbol since I think
you left one out. Proceed, with fingers crossed.

! Extra }, or forgotten $.
l.60 \tab Effective\; span({l_e}
                                _f_f)\; =\; min \begin{Bmatrix}l+d = \var{cl...
I've deleted a group-closing symbol because it seems to be
spurious, as in `$x}$'. But perhaps the } is legitimate and
you forgot something else, as in `\hbox{$x}'. In such cases
the way to recover is to insert both the forgotten and the
deleted material, e.g., by typing `I$}'.

! Double subscript.
l.60 \tab Effective\; span({l_e}_
                                 f_f)\; =\; min \begin{Bmatrix}l+d = \var{cl...
I treat `x_1_2' essentially like `x_1{}_2'.

! Double subscript.
l.60 \tab Effective\; span({l_e}_f_
                                   f)\; =\; min \begin{Bmatrix}l+d = \var{cl...
I treat `x_1_2' essentially like `x_1{}_2'.


! Package datatool Error: No row found in database `mydata' for column `1' matc
hing `clear_span'.

See the datatool package documentation for explanation.
Type  H <return>  for immediate help.
 ...                                              
                                                  
l.60 ... min \begin{Bmatrix}l+d = \var{clear_span}
                                                   + \var{effective_depth}  ...
(That was another \errmessage.)


! Package datatool Error: No row found in database `mydata' for column `1' matc
hing `clear_span'.

See the datatool package documentation for explanation.
Type  H <return>  for immediate help.
 ...                                              
                                                  
l.60 ...effective_depth}  \\l+w = \var{clear_span}
                                                   + \var{width_support} \en...
(That was another \errmessage.)

! Missing $ inserted.
<inserted text> 
                $
l.61 
     
I've inserted a begin-math/end-math symbol since I think
you left one out. Proceed, with fingers crossed.


Underfull \hbox (badness 10000) in paragraph at lines 59--61

 []

! Missing $ inserted.
<inserted text> 
                $
l.65 \tab Grade\; of\; concrete({f_
                                   c}_k)\; =\; \var{grade_concrete}\frac{N}{...
I've inserted a begin-math/end-math symbol since I think
you left one out. Proceed, with fingers crossed.

! Extra }, or forgotten $.
l.65 \tab Grade\; of\; concrete({f_c}
                                     _k)\; =\; \var{grade_concrete}\frac{N}{...
I've deleted a group-closing symbol because it seems to be
spurious, as in `$x}$'. But perhaps the } is legitimate and
you forgot something else, as in `\hbox{$x}'. In such cases
the way to recover is to insert both the forgotten and the
deleted material, e.g., by typing `I$}'.

! Double subscript.
l.65 \tab Grade\; of\; concrete({f_c}_
                                      k)\; =\; \var{grade_concrete}\frac{N}{...
I treat `x_1_2' essentially like `x_1{}_2'.

! Missing $ inserted.
<inserted text> 
                $
l.68 
     
I've inserted a begin-math/end-math symbol since I think
you left one out. Proceed, with fingers crossed.


Underfull \hbox (badness 10000) in paragraph at lines 65--68

 []

! Missing $ inserted.
<inserted text> 
                $
l.85 Shear Force(V_
                   u):
I've inserted a begin-math/end-math symbol since I think
you left one out. Proceed, with fingers crossed.

! Missing $ inserted.
<inserted text> 
                $
l.86 
     
I've inserted a begin-math/end-math symbol since I think
you left one out. Proceed, with fingers crossed.

! Double subscript.
<argument> w_u{l_e}_f_
                      f
l.88 V_u = \frac{w_u{l_e}_f_f}{2}
                                 
I treat `x_1_2' essentially like `x_1{}_2'.


! LaTeX Error: File `logo' not found.

See the LaTeX manual or LaTeX Companion for explanation.
Type  H <return>  for immediate help.
 ...                                              
                                                  
l.89 \end{equation*}
                    
I could not locate the file with any of these extensions:
.pdf,.png,.jpg,.mps,.jpeg,.jbig2,.jb2,.PDF,.PNG,.JPG,.JPEG,.JBIG2,.JB2,.eps
Try typing  <return>  to proceed.
If that doesn't work, type  X <return>  to quit.

[1{C:/Users/SAURABH KHANDELWAL/AppData/Local/MiKTeX/fonts/map/pdftex/pdftex.map
}

]
! Double subscript.
<argument> w_u{l_e}_f_
                      f^2
l.101 M_u = \frac{w_u{l_e}_f_f^2}{8}
                                    
I treat `x_1_2' essentially like `x_1{}_2'.


Underfull \hbox (badness 10000) in paragraph at lines 114--115

 []

! Double subscript.
<argument> {x_u}_l_
                   i_m
l.116 \frac{{x_u}_l_i_m}{0.0035}
                                 = \frac{d-{x_u}_l_i_m}{0.002+\frac{0.87f_y}...
I treat `x_1_2' essentially like `x_1{}_2'.

! Double subscript.
<argument> {x_u}_l_i_
                     m
l.116 \frac{{x_u}_l_i_m}{0.0035}
                                 = \frac{d-{x_u}_l_i_m}{0.002+\frac{0.87f_y}...
I treat `x_1_2' essentially like `x_1{}_2'.

! Double subscript.
<argument> d-{x_u}_l_
                     i_m
l.116 ...d-{x_u}_l_i_m}{0.002+\frac{0.87f_y}{E_s}}
                                                  
I treat `x_1_2' essentially like `x_1{}_2'.

! Double subscript.
<argument> d-{x_u}_l_i_
                       m
l.116 ...d-{x_u}_l_i_m}{0.002+\frac{0.87f_y}{E_s}}
                                                  
I treat `x_1_2' essentially like `x_1{}_2'.

! Double subscript.
l.119 {x_u}_l_
              i_m = \var{Xu_lim}mm
I treat `x_1_2' essentially like `x_1{}_2'.

! Double subscript.
l.119 {x_u}_l_i_
                m = \var{Xu_lim}mm
I treat `x_1_2' essentially like `x_1{}_2'.

! Double subscript.
l.122  {M_u}_l_
               i_m = 0.36f_c_kb{x_u}_l_i_m\left ( d -0.42x_u\right)
I treat `x_1_2' essentially like `x_1{}_2'.

! Double subscript.
l.122  {M_u}_l_i_
                 m = 0.36f_c_kb{x_u}_l_i_m\left ( d -0.42x_u\right)
I treat `x_1_2' essentially like `x_1{}_2'.

! Double subscript.
l.122  {M_u}_l_i_m = 0.36f_c_
                             kb{x_u}_l_i_m\left ( d -0.42x_u\right)
I treat `x_1_2' essentially like `x_1{}_2'.

! Double subscript.
l.122  {M_u}_l_i_m = 0.36f_c_kb{x_u}_l_
                                       i_m\left ( d -0.42x_u\right)
I treat `x_1_2' essentially like `x_1{}_2'.

! Double subscript.
l.122  {M_u}_l_i_m = 0.36f_c_kb{x_u}_l_i_
                                         m\left ( d -0.42x_u\right)
I treat `x_1_2' essentially like `x_1{}_2'.

! Double subscript.
l.124 {M_u}_l_
              i_m = 0.36\times \var{grade_concrete}\times \var{width_Beam}\t...
I treat `x_1_2' essentially like `x_1{}_2'.

! Double subscript.
l.124 {M_u}_l_i_
                m = 0.36\times \var{grade_concrete}\times \var{width_Beam}\t...
I treat `x_1_2' essentially like `x_1{}_2'.

! Double subscript.
l.128  {M_u}_l_
               i_m = \var{lim_bending_moment}kNm < M_u
I treat `x_1_2' essentially like `x_1{}_2'.

! Double subscript.
l.128  {M_u}_l_i_
                 m = \var{lim_bending_moment}kNm < M_u
I treat `x_1_2' essentially like `x_1{}_2'.

! Double subscript.
l.137  A_s_
           t={A_s_t}_l_i_m+\Delta A_s_t
I treat `x_1_2' essentially like `x_1{}_2'.

! Double subscript.
l.137  A_s_t={A_s_
                  t}_l_i_m+\Delta A_s_t
I treat `x_1_2' essentially like `x_1{}_2'.

! Double subscript.
l.137  A_s_t={A_s_t}_l_
                       i_m+\Delta A_s_t
I treat `x_1_2' essentially like `x_1{}_2'.

! Double subscript.
l.137  A_s_t={A_s_t}_l_i_
                         m+\Delta A_s_t
I treat `x_1_2' essentially like `x_1{}_2'.

! Double subscript.
l.137  A_s_t={A_s_t}_l_i_m+\Delta A_s_
                                      t
I treat `x_1_2' essentially like `x_1{}_2'.

! Missing $ inserted.
<inserted text> 
                $
l.139 \tab Where\; {A_
                      s_t}_l_i_m\; is\; due\; to\; tensile\; steel\; corresp...
I've inserted a begin-math/end-math symbol since I think
you left one out. Proceed, with fingers crossed.

! Double subscript.
l.139 \tab Where\; {A_s_
                        t}_l_i_m\; is\; due\; to\; tensile\; steel\; corresp...
I treat `x_1_2' essentially like `x_1{}_2'.

! Extra }, or forgotten $.
l.139 \tab Where\; {A_s_t}
                          _l_i_m\; is\; due\; to\; tensile\; steel\; corresp...
I've deleted a group-closing symbol because it seems to be
spurious, as in `$x}$'. But perhaps the } is legitimate and
you forgot something else, as in `\hbox{$x}'. In such cases
the way to recover is to insert both the forgotten and the
deleted material, e.g., by typing `I$}'.

! Double subscript.
l.139 \tab Where\; {A_s_t}_
                           l_i_m\; is\; due\; to\; tensile\; steel\; corresp...
I treat `x_1_2' essentially like `x_1{}_2'.

! Double subscript.
l.139 \tab Where\; {A_s_t}_l_
                             i_m\; is\; due\; to\; tensile\; steel\; corresp...
I treat `x_1_2' essentially like `x_1{}_2'.

! Double subscript.
l.139 \tab Where\; {A_s_t}_l_i_
                               m\; is\; due\; to\; tensile\; steel\; corresp...
I treat `x_1_2' essentially like `x_1{}_2'.

! Double subscript.
l.139 ...e\; steel\; corresponding\; to\; {M_u}_l_
                                                  i_m \\[8pt]
I treat `x_1_2' essentially like `x_1{}_2'.

! Double subscript.
l.139 ...; steel\; corresponding\; to\; {M_u}_l_i_
                                                  m \\[8pt]
I treat `x_1_2' essentially like `x_1{}_2'.

! Double subscript.
l.140 \tab and\; \Delta A_s_
                            t\; is\; corresponding\; to\; \Delta M_u\\[8pt]
I treat `x_1_2' essentially like `x_1{}_2'.

! Missing $ inserted.
<inserted text> 
                $
l.141 
      
I've inserted a begin-math/end-math symbol since I think
you left one out. Proceed, with fingers crossed.


Underfull \hbox (badness 10000) in paragraph at lines 138--141

 []

! Double subscript.
l.144 {A_s_
           t}_l_i_m = 0.5\frac{f_c_k}{f_y}bd\left [ 1-\sqrt{1-\frac{4.6{M_u}...
I treat `x_1_2' essentially like `x_1{}_2'.

! Double subscript.
l.144 {A_s_t}_l_
                i_m = 0.5\frac{f_c_k}{f_y}bd\left [ 1-\sqrt{1-\frac{4.6{M_u}...
I treat `x_1_2' essentially like `x_1{}_2'.

! Double subscript.
l.144 {A_s_t}_l_i_
                  m = 0.5\frac{f_c_k}{f_y}bd\left [ 1-\sqrt{1-\frac{4.6{M_u}...
I treat `x_1_2' essentially like `x_1{}_2'.

! Double subscript.
<argument> f_c_
               k
l.144 {A_s_t}_l_i_m = 0.5\frac{f_c_k}{f_y}
                                          bd\left [ 1-\sqrt{1-\frac{4.6{M_u}...
I treat `x_1_2' essentially like `x_1{}_2'.

! Double subscript.
<argument> 4.6{M_u}_l_
                      i_m
l.144 ...-\sqrt{1-\frac{4.6{M_u}_l_i_m}{f_c_kbd^2}
                                                  } \right ]
I treat `x_1_2' essentially like `x_1{}_2'.

! Double subscript.
<argument> 4.6{M_u}_l_i_
                        m
l.144 ...-\sqrt{1-\frac{4.6{M_u}_l_i_m}{f_c_kbd^2}
                                                  } \right ]
I treat `x_1_2' essentially like `x_1{}_2'.

! Double subscript.
<argument> f_c_
               kbd^2
l.144 ...-\sqrt{1-\frac{4.6{M_u}_l_i_m}{f_c_kbd^2}
                                                  } \right ]
I treat `x_1_2' essentially like `x_1{}_2'.

! Double subscript.
l.147 {A_s_
           t}_l_i_m = 0.5\times \frac{\var{grade_concrete}}{\var{grade_steel...
I treat `x_1_2' essentially like `x_1{}_2'.

! Double subscript.
l.147 {A_s_t}_l_
                i_m = 0.5\times \frac{\var{grade_concrete}}{\var{grade_steel...
I treat `x_1_2' essentially like `x_1{}_2'.

! Double subscript.
l.147 {A_s_t}_l_i_
                  m = 0.5\times \frac{\var{grade_concrete}}{\var{grade_steel...
I treat `x_1_2' essentially like `x_1{}_2'.

! Double subscript.
l.150  {A_s_
            t}_l_i_m = \var{Ast_1}mm^2
I treat `x_1_2' essentially like `x_1{}_2'.

! Double subscript.
l.150  {A_s_t}_l_
                 i_m = \var{Ast_1}mm^2
I treat `x_1_2' essentially like `x_1{}_2'.

! Double subscript.
l.150  {A_s_t}_l_i_
                   m = \var{Ast_1}mm^2
I treat `x_1_2' essentially like `x_1{}_2'.


! LaTeX Error: File `logo' not found.

See the LaTeX manual or LaTeX Companion for explanation.
Type  H <return>  for immediate help.
 ...                                              
                                                  
l.151  \end{equation*}
                      
I could not locate the file with any of these extensions:
.pdf,.png,.jpg,.mps,.jpeg,.jbig2,.jb2,.PDF,.PNG,.JPG,.JPEG,.JBIG2,.JB2,.eps
Try typing  <return>  to proceed.
If that doesn't work, type  X <return>  to quit.

[2]
! Missing $ inserted.
<inserted text> 
                $
l.152 \Delta
             M_u:
I've inserted a begin-math/end-math symbol since I think
you left one out. Proceed, with fingers crossed.

! Missing $ inserted.
<inserted text> 
                $
l.153 
      
I've inserted a begin-math/end-math symbol since I think
you left one out. Proceed, with fingers crossed.

! Double subscript.
l.155  \Delta M_u = 0.87f_y\Delta A_s_
                                      t\left ( d-d{}' \right )
I treat `x_1_2' essentially like `x_1{}_2'.

! Double subscript.
l.157 ...times \var{grade_steel}\times \Delta A_s_
                                                  t\times \left (\var{effect...
I treat `x_1_2' essentially like `x_1{}_2'.

! Double subscript.
l.160  \Delta A_s_
                  t = \var{Ast_2}mm^2
I treat `x_1_2' essentially like `x_1{}_2'.


Underfull \hbox (badness 10000) in paragraph at lines 161--162

 []

! Double subscript.
l.163  A_s_
           t=\var{Ast_1}+\var{Ast_2}
I treat `x_1_2' essentially like `x_1{}_2'.

! Double subscript.
l.166  A_s_
           t=\var{Ast}mm^2
I treat `x_1_2' essentially like `x_1{}_2'.

! Double subscript.
<argument> A_s_
               t
l.171  n = \frac{A_s_t}{\frac{\pi}{4}d_t^2}
                                           
I treat `x_1_2' essentially like `x_1{}_2'.

! Double subscript.
l.192  {A_s}_t_
               m_a_x = 0.04bD
I treat `x_1_2' essentially like `x_1{}_2'.

! Double subscript.
l.192  {A_s}_t_m_
                 a_x = 0.04bD
I treat `x_1_2' essentially like `x_1{}_2'.

! Double subscript.
l.192  {A_s}_t_m_a_
                   x = 0.04bD
I treat `x_1_2' essentially like `x_1{}_2'.

! Double subscript.
l.195  {A_s}_t_
               m_a_x = 0.04\times \var{width_Beam}\times \var{overall_depth}
I treat `x_1_2' essentially like `x_1{}_2'.

! Double subscript.
l.195  {A_s}_t_m_
                 a_x = 0.04\times \var{width_Beam}\times \var{overall_depth}
I treat `x_1_2' essentially like `x_1{}_2'.

! Double subscript.
l.195  {A_s}_t_m_a_
                   x = 0.04\times \var{width_Beam}\times \var{overall_depth}
I treat `x_1_2' essentially like `x_1{}_2'.

! Double subscript.
l.198  {A_s}_t_
               m_a_x = \var{MAX_RF} > A_s_t
I treat `x_1_2' essentially like `x_1{}_2'.

! Double subscript.
l.198  {A_s}_t_m_
                 a_x = \var{MAX_RF} > A_s_t
I treat `x_1_2' essentially like `x_1{}_2'.

! Double subscript.
l.198  {A_s}_t_m_a_
                   x = \var{MAX_RF} > A_s_t
I treat `x_1_2' essentially like `x_1{}_2'.

! Double subscript.
l.198  {A_s}_t_m_a_x = \var{MAX_RF} > A_s_
                                          t
I treat `x_1_2' essentially like `x_1{}_2'.

Package marginnote Info: Margin note 3.1 is on absolute page 3 on input line 20
1.
Package marginnote Info: right page because not two side mode on input line 201
.
Package marginnote Info: xpos seems to be 40.90529pt on input line 201.
! Double subscript.
l.202  {A_s}_t_
               m_i_n = \frac{0.85bd}{f_y}
I treat `x_1_2' essentially like `x_1{}_2'.

! Double subscript.
l.202  {A_s}_t_m_
                 i_n = \frac{0.85bd}{f_y}
I treat `x_1_2' essentially like `x_1{}_2'.

! Double subscript.
l.202  {A_s}_t_m_i_
                   n = \frac{0.85bd}{f_y}
I treat `x_1_2' essentially like `x_1{}_2'.

! Double subscript.
l.205  {A_s}_t_
               m_i_n = \frac{0.85\times \var{width_Beam}\times \var{effectiv...
I treat `x_1_2' essentially like `x_1{}_2'.

! Double subscript.
l.205  {A_s}_t_m_
                 i_n = \frac{0.85\times \var{width_Beam}\times \var{effectiv...
I treat `x_1_2' essentially like `x_1{}_2'.

! Double subscript.
l.205  {A_s}_t_m_i_
                   n = \frac{0.85\times \var{width_Beam}\times \var{effectiv...
I treat `x_1_2' essentially like `x_1{}_2'.

! Double subscript.
l.208  {A_s}_t_
               m_i_n = \var{MIN_RF} < A_s_t
I treat `x_1_2' essentially like `x_1{}_2'.

! Double subscript.
l.208  {A_s}_t_m_
                 i_n = \var{MIN_RF} < A_s_t
I treat `x_1_2' essentially like `x_1{}_2'.

! Double subscript.
l.208  {A_s}_t_m_i_
                   n = \var{MIN_RF} < A_s_t
I treat `x_1_2' essentially like `x_1{}_2'.

! Double subscript.
l.208  {A_s}_t_m_i_n = \var{MIN_RF} < A_s_
                                          t
I treat `x_1_2' essentially like `x_1{}_2'.

Package marginnote Info: Margin note 3.2 is on absolute page 3 on input line 21
1.
Package marginnote Info: right page because not two side mode on input line 211
.
Package marginnote Info: xpos seems to be 40.90529pt on input line 211.
! Double subscript.
l.215  \epsilon _s_
                   c = \left(\frac{{x_u}_l_i_m-d{}'}{{x_u}_l_i_m} \right )\t...
I treat `x_1_2' essentially like `x_1{}_2'.

! Double subscript.
<argument> {x_u}_l_
                   i_m-d{}'
l.215 ...left(\frac{{x_u}_l_i_m-d{}'}{{x_u}_l_i_m}
                                                   \right )\times 0.0035
I treat `x_1_2' essentially like `x_1{}_2'.

! Double subscript.
<argument> {x_u}_l_i_
                     m-d{}'
l.215 ...left(\frac{{x_u}_l_i_m-d{}'}{{x_u}_l_i_m}
                                                   \right )\times 0.0035
I treat `x_1_2' essentially like `x_1{}_2'.

! Double subscript.
<argument> {x_u}_l_
                   i_m
l.215 ...left(\frac{{x_u}_l_i_m-d{}'}{{x_u}_l_i_m}
                                                   \right )\times 0.0035
I treat `x_1_2' essentially like `x_1{}_2'.

! Double subscript.
<argument> {x_u}_l_i_
                     m
l.215 ...left(\frac{{x_u}_l_i_m-d{}'}{{x_u}_l_i_m}
                                                   \right )\times 0.0035
I treat `x_1_2' essentially like `x_1{}_2'.


! LaTeX Error: File `logo' not found.

See the LaTeX manual or LaTeX Companion for explanation.
Type  H <return>  for immediate help.
 ...                                              
                                                  
l.216  \end{equation*}
                      
I could not locate the file with any of these extensions:
.pdf,.png,.jpg,.mps,.jpeg,.jbig2,.jb2,.PDF,.PNG,.JPG,.JPEG,.JBIG2,.JB2,.eps
Try typing  <return>  to proceed.
If that doesn't work, type  X <return>  to quit.

[3]
! Double subscript.
l.218  \epsilon _s_
                   c = \left (\frac{\var{Xu_lim}-\var{effective_cover}}{Xu_l...
I treat `x_1_2' essentially like `x_1{}_2'.

! Double subscript.
l.221  \epsilon _s_
                   c = \var{esc}
I treat `x_1_2' essentially like `x_1{}_2'.

! Double subscript.
l.224  f_s_
           c = \var{fsc}\frac{N}{mm^2}
I treat `x_1_2' essentially like `x_1{}_2'.

Package marginnote Info: Margin note 4.1 is on absolute page 4 on input line 22
6.
Package marginnote Info: right page because not two side mode on input line 226
.
Package marginnote Info: xpos seems to be 297.08337pt on input line 226.
! Double subscript.
l.228  \left ( f_s_
                   c - 0.45f_c_k \right )A_s_c = 0.87f_y\Delta A_s_t
I treat `x_1_2' essentially like `x_1{}_2'.

! Double subscript.
l.228  \left ( f_s_c - 0.45f_c_
                               k \right )A_s_c = 0.87f_y\Delta A_s_t
I treat `x_1_2' essentially like `x_1{}_2'.

! Double subscript.
l.228  \left ( f_s_c - 0.45f_c_k \right )A_s_
                                             c = 0.87f_y\Delta A_s_t
I treat `x_1_2' essentially like `x_1{}_2'.

! Double subscript.
l.228 ...5f_c_k \right )A_s_c = 0.87f_y\Delta A_s_
                                                  t
I treat `x_1_2' essentially like `x_1{}_2'.

! Double subscript.
l.231 ...5\var{grade_concrete} \right )\times A_s_
                                                  c = 0.87\times \var{grade_...
I treat `x_1_2' essentially like `x_1{}_2'.

! Double subscript.
l.234  A_s_
           c = \var{Asc}mm^2
I treat `x_1_2' essentially like `x_1{}_2'.

! Double subscript.
<argument> A_s_
               c
l.239  n = \frac{A_s_c}{\frac{\pi}{4}d_c^2}
                                           
I treat `x_1_2' essentially like `x_1{}_2'.

! Double subscript.
l.262  {A_s}_c_
               m_a_x = 0.04bD
I treat `x_1_2' essentially like `x_1{}_2'.

! Double subscript.
l.262  {A_s}_c_m_
                 a_x = 0.04bD
I treat `x_1_2' essentially like `x_1{}_2'.

! Double subscript.
l.262  {A_s}_c_m_a_
                   x = 0.04bD
I treat `x_1_2' essentially like `x_1{}_2'.

! Double subscript.
l.265  {A_s}_c_
               m_a_x = 0.04\times \var{width_Beam}\times \var{overall_depth}
I treat `x_1_2' essentially like `x_1{}_2'.

! Double subscript.
l.265  {A_s}_c_m_
                 a_x = 0.04\times \var{width_Beam}\times \var{overall_depth}
I treat `x_1_2' essentially like `x_1{}_2'.

! Double subscript.
l.265  {A_s}_c_m_a_
                   x = 0.04\times \var{width_Beam}\times \var{overall_depth}
I treat `x_1_2' essentially like `x_1{}_2'.

! Double subscript.
l.268  {A_s}_c_
               m_a_x = \var{MAX_RF} > A_s_c
I treat `x_1_2' essentially like `x_1{}_2'.

! Double subscript.
l.268  {A_s}_c_m_
                 a_x = \var{MAX_RF} > A_s_c
I treat `x_1_2' essentially like `x_1{}_2'.

! Double subscript.
l.268  {A_s}_c_m_a_
                   x = \var{MAX_RF} > A_s_c
I treat `x_1_2' essentially like `x_1{}_2'.

! Double subscript.
l.268  {A_s}_c_m_a_x = \var{MAX_RF} > A_s_
                                          c
I treat `x_1_2' essentially like `x_1{}_2'.

Package marginnote Info: Margin note 4.2 is on absolute page 4 on input line 27
1.
Package marginnote Info: right page because not two side mode on input line 271
.
Package marginnote Info: xpos seems to be 40.90529pt on input line 271.
! Missing $ inserted.
<inserted text> 
                $
l.273 \tab Design\; shear\; force(V_
                                    d)\; =\; \var{Design_Shear_Force}kN \\[8pt]
I've inserted a begin-math/end-math symbol since I think
you left one out. Proceed, with fingers crossed.

! Missing $ inserted.
<inserted text> 
                $
l.275 
      
I've inserted a begin-math/end-math symbol since I think
you left one out. Proceed, with fingers crossed.


Underfull \hbox (badness 10000) in paragraph at lines 273--275

 []


! LaTeX Error: File `logo' not found.

See the LaTeX manual or LaTeX Companion for explanation.
Type  H <return>  for immediate help.
 ...                                              
                                                  
l.282  \end{equation*}
                      
I could not locate the file with any of these extensions:
.pdf,.png,.jpg,.mps,.jpeg,.jbig2,.jb2,.PDF,.PNG,.JPG,.JPEG,.JBIG2,.JB2,.eps
Try typing  <return>  to proceed.
If that doesn't work, type  X <return>  to quit.

[4]
! Missing $ inserted.
<inserted text> 
                $
l.284 \tab Max\; shear\; capacity({\tau
                                        _m}_a_x)\; =\; \var{Max_Shear_Capaci...
I've inserted a begin-math/end-math symbol since I think
you left one out. Proceed, with fingers crossed.

! Extra }, or forgotten $.
l.284 \tab Max\; shear\; capacity({\tau _m}
                                           _a_x)\; =\; \var{Max_Shear_Capaci...
I've deleted a group-closing symbol because it seems to be
spurious, as in `$x}$'. But perhaps the } is legitimate and
you forgot something else, as in `\hbox{$x}'. In such cases
the way to recover is to insert both the forgotten and the
deleted material, e.g., by typing `I$}'.

! Double subscript.
l.284 \tab Max\; shear\; capacity({\tau _m}_
                                            a_x)\; =\; \var{Max_Shear_Capaci...
I treat `x_1_2' essentially like `x_1{}_2'.

! Double subscript.
l.284 \tab Max\; shear\; capacity({\tau _m}_a_
                                              x)\; =\; \var{Max_Shear_Capaci...
I treat `x_1_2' essentially like `x_1{}_2'.

Package marginnote Info: Margin note 5.1 is on absolute page 5 on input line 28
5.
Package marginnote Info: right page because not two side mode on input line 285
.
Package marginnote Info: xpos seems to be 258.59853pt on input line 285.
! Missing $ inserted.
<inserted text> 
                $
l.286 
      
I've inserted a begin-math/end-math symbol since I think
you left one out. Proceed, with fingers crossed.


Underfull \hbox (badness 10000) in paragraph at lines 284--286

 []

! Missing $ inserted.
<inserted text> 
                $
l.287 \tab Permissible\; shear\; capacity(\tau
                                               _c)\; =\; \var{Shear_Stress}\...
I've inserted a begin-math/end-math symbol since I think
you left one out. Proceed, with fingers crossed.

Package marginnote Info: Margin note 5.2 is on absolute page 5 on input line 28
7.
Package marginnote Info: right page because not two side mode on input line 287
.
Package marginnote Info: xpos seems to be 279.68088pt on input line 287.
! Missing $ inserted.
<inserted text> 
                $
l.290 
      
I've inserted a begin-math/end-math symbol since I think
you left one out. Proceed, with fingers crossed.


Underfull \hbox (badness 10000) in paragraph at lines 287--290

 []

! Double subscript.
l.292  Shear force(V_u_
                       s) = \left ( \tau _v -\tau _c \right )bd
I treat `x_1_2' essentially like `x_1{}_2'.

! Double subscript.
l.295  V_u_
           s = \left ( \var{Nominal_Shear_Stress} -\var{Shear_Stress} \right...
I treat `x_1_2' essentially like `x_1{}_2'.

! Double subscript.
l.298  V_u_
           s = \var{SF}kN
I treat `x_1_2' essentially like `x_1{}_2'.

! Double subscript.
l.302  A_s_
           v = n\times \frac{\pi }{4}d_s^2
I treat `x_1_2' essentially like `x_1{}_2'.


Underfull \hbox (badness 10000) in paragraph at lines 303--305

 []

! Double subscript.
l.306  A_s_
           v = \var{no_legs_stirrups}\times \frac{\pi }{4}\var{dia_stirrups}^2
I treat `x_1_2' essentially like `x_1{}_2'.

! Double subscript.
l.309  A_s_
           v = \var{Asv}mm^2
I treat `x_1_2' essentially like `x_1{}_2'.


Underfull \hbox (badness 10000) in paragraph at lines 312--313

 []

! Double subscript.
<argument> 0.87f_yA_s_
                      vd
l.314  S_v = \frac{0.87f_yA_s_vd}{V_u_s}
                                        
I treat `x_1_2' essentially like `x_1{}_2'.

! Double subscript.
<argument> V_u_
               s
l.314  S_v = \frac{0.87f_yA_s_vd}{V_u_s}
                                        
I treat `x_1_2' essentially like `x_1{}_2'.

! Double subscript.
<argument> A_s_
               v
l.323 ...ar{effective_depth} \\ \frac{A_s_v}{bS_v}
                                                  \geq \frac{0.4}{0.87f_y} =...
I treat `x_1_2' essentially like `x_1{}_2'.


Underfull \hbox (badness 10000) in paragraph at lines 329--330

 []


AED: lastpage setting LastPage

! LaTeX Error: File `logo' not found.

See the LaTeX manual or LaTeX Companion for explanation.
Type  H <return>  for immediate help.
 ...                                              
                                                  
l.330 \end{document}
                    
I could not locate the file with any of these extensions:
.pdf,.png,.jpg,.mps,.jpeg,.jbig2,.jb2,.PDF,.PNG,.JPG,.JPEG,.JBIG2,.JB2,.eps
Try typing  <return>  to proceed.
If that doesn't work, type  X <return>  to quit.

[5]

! LaTeX Error: File `logo' not found.

See the LaTeX manual or LaTeX Companion for explanation.
Type  H <return>  for immediate help.
 ...                                              
                                                  
l.330 \end{document}
                    
I could not locate the file with any of these extensions:
.pdf,.png,.jpg,.mps,.jpeg,.jbig2,.jb2,.PDF,.PNG,.JPG,.JPEG,.JBIG2,.JB2,.eps
Try typing  <return>  to proceed.
If that doesn't work, type  X <return>  to quit.

[6] (BeamDesignReport.aux) )
(\end occurred inside a group at level 4)

### simple group (level 4) entered at line 284 ({)
### simple group (level 3) entered at line 139 ({)
### simple group (level 2) entered at line 65 ({)
### simple group (level 1) entered at line 60 ({)
### bottom level 
Here is how much of TeX's memory you used:
 6803 strings out of 475281
 106571 string characters out of 2767892
 503681 words of memory out of 3000000
 28154 multiletter control sequences out of 15000+600000
 475422 words of font info for 51 fonts, out of 8000000 for 9000
 1141 hyphenation exceptions out of 8191
 91i,19n,91p,352b,492s stack positions out of 10000i,1000n,20000p,200000b,80000s
<C:/Users/SAURABH KHANDELWAL/AppData/Local/Programs/MiKTeX/font
s/type1/public/amsfonts/cm/cmbx12.pfb><C:/Users/SAURABH KHANDELWAL/AppData/Loca
l/Programs/MiKTeX/fonts/type1/public/amsfonts/cm/cmex10.pfb><C:/Users/SAURABH K
HANDELWAL/AppData/Local/Programs/MiKTeX/fonts/type1/public/amsfonts/cm/cmmi12.p
fb><C:/Users/SAURABH KHANDELWAL/AppData/Local/Programs/MiKTeX/fonts/type1/publi
c/amsfonts/cm/cmmi6.pfb><C:/Users/SAURABH KHANDELWAL/AppData/Local/Programs/MiK
TeX/fonts/type1/public/amsfonts/cm/cmmi8.pfb><C:/Users/SAURABH KHANDELWAL/AppDa
ta/Local/Programs/MiKTeX/fonts/type1/public/amsfonts/cm/cmr12.pfb><C:/Users/SAU
RABH KHANDELWAL/AppData/Local/Programs/MiKTeX/fonts/type1/public/amsfonts/cm/cm
r6.pfb><C:/Users/SAURABH KHANDELWAL/AppData/Local/Programs/MiKTeX/fonts/type1/p
ublic/amsfonts/cm/cmr8.pfb><C:/Users/SAURABH KHANDELWAL/AppData/Local/Programs/
MiKTeX/fonts/type1/public/amsfonts/cm/cmsy10.pfb><C:/Users/SAURABH KHANDELWAL/A
ppData/Local/Programs/MiKTeX/fonts/type1/public/amsfonts/cm/cmsy8.pfb>
Output written on BeamDesignReport.pdf (6 pages, 140753 bytes).
PDF statistics:
 71 PDF objects out of 1000 (max. 8388607)
 0 named destinations out of 1000 (max. 500000)
 1 words of extra memory for PDF output out of 10000 (max. 10000000)

